Performing C SOURCE FILE Test CMAKE_HAVE_LIBC_PTHREAD failed with the following output:
Change Dir: /home/somebo/548_new_demo/ars548_front/build/CMakeFiles/CMakeScratch/TryCompile-9WMaKh

Run Build Command(s):/usr/bin/make -f Makefile cmTC_84440/fast && /usr/bin/make  -f CMakeFiles/cmTC_84440.dir/build.make CMakeFiles/cmTC_84440.dir/build
make[1]: Entering directory '/home/somebo/548_new_demo/ars548_front/build/CMakeFiles/CMakeScratch/TryCompile-9WMaKh'
Building C object CMakeFiles/cmTC_84440.dir/src.c.o
/usr/bin/cc -DCMAKE_HAVE_LIBC_PTHREAD   -o CMakeFiles/cmTC_84440.dir/src.c.o -c /home/somebo/548_new_demo/ars548_front/build/CMakeFiles/CMakeScratch/TryCompile-9WMaKh/src.c
Linking C executable cmTC_84440
/usr/bin/cmake -E cmake_link_script CMakeFiles/cmTC_84440.dir/link.txt --verbose=1
/usr/bin/cc -rdynamic CMakeFiles/cmTC_84440.dir/src.c.o -o cmTC_84440 
CMakeFiles/cmTC_84440.dir/src.c.o: In function `main':
src.c:(.text+0x3e): undefined reference to `pthread_create'
src.c:(.text+0x4a): undefined reference to `pthread_detach'
src.c:(.text+0x56): undefined reference to `pthread_cancel'
src.c:(.text+0x67): undefined reference to `pthread_join'
src.c:(.text+0x7b): undefined reference to `pthread_atfork'
collect2: error: ld returned 1 exit status
CMakeFiles/cmTC_84440.dir/build.make:98: recipe for target 'cmTC_84440' failed
make[1]: *** [cmTC_84440] Error 1
make[1]: Leaving directory '/home/somebo/548_new_demo/ars548_front/build/CMakeFiles/CMakeScratch/TryCompile-9WMaKh'
Makefile:127: recipe for target 'cmTC_84440/fast' failed
make: *** [cmTC_84440/fast] Error 2


Source file was:
#include <pthread.h>

static void* test_func(void* data)
{
  return data;
}

int main(void)
{
  pthread_t thread;
  pthread_create(&thread, NULL, test_func, NULL);
  pthread_detach(thread);
  pthread_cancel(thread);
  pthread_join(thread, NULL);
  pthread_atfork(NULL, NULL, NULL);
  pthread_exit(NULL);

  return 0;
}


Determining if the function pthread_create exists in the pthreads failed with the following output:
Change Dir: /home/somebo/548_new_demo/ars548_front/build/CMakeFiles/CMakeScratch/TryCompile-ax8BvH

Run Build Command(s):/usr/bin/make -f Makefile cmTC_b22e1/fast && /usr/bin/make  -f CMakeFiles/cmTC_b22e1.dir/build.make CMakeFiles/cmTC_b22e1.dir/build
make[1]: Entering directory '/home/somebo/548_new_demo/ars548_front/build/CMakeFiles/CMakeScratch/TryCompile-ax8BvH'
Building C object CMakeFiles/cmTC_b22e1.dir/CheckFunctionExists.c.o
/usr/bin/cc   -DCHECK_FUNCTION_EXISTS=pthread_create -o CMakeFiles/cmTC_b22e1.dir/CheckFunctionExists.c.o -c /home/somebo/548_new_demo/ars548_front/build/CMakeFiles/CMakeScratch/TryCompile-ax8BvH/CheckFunctionExists.c
Linking C executable cmTC_b22e1
/usr/bin/cmake -E cmake_link_script CMakeFiles/cmTC_b22e1.dir/link.txt --verbose=1
/usr/bin/cc  -DCHECK_FUNCTION_EXISTS=pthread_create -rdynamic CMakeFiles/cmTC_b22e1.dir/CheckFunctionExists.c.o -o cmTC_b22e1  -lpthreads 
/usr/bin/ld: cannot find -lpthreads
collect2: error: ld returned 1 exit status
CMakeFiles/cmTC_b22e1.dir/build.make:98: recipe for target 'cmTC_b22e1' failed
make[1]: *** [cmTC_b22e1] Error 1
make[1]: Leaving directory '/home/somebo/548_new_demo/ars548_front/build/CMakeFiles/CMakeScratch/TryCompile-ax8BvH'
Makefile:127: recipe for target 'cmTC_b22e1/fast' failed
make: *** [cmTC_b22e1/fast] Error 2



